linux x64 #1 SMP PREEMPT_DYNAMIC PMX 6.8.12-15 (2025-09-12T11:02Z)
server version: 0.142.7
plugin version: @scrypted/reid-service 0.1.0
full
########################
9/19/2025, 5:36:22 PM
########################
ReID Service: loading @scrypted/reid-service
ReID Service: pid 211
trying to bind to port 37447
python version: python3.12
interpreter: /usr/bin/python3
pip target: /server/volume/plugins/@scrypted/reid-service/python3.12-Linux-x86_64-20240317
requirements.txt (up to date)
numpy
onnxruntime
opencv-python-headless
Pillow
ReIDService initialized - using BufferConverter interface
ReIDService constructor completed successfully
ReID Service: loaded @scrypted/reid-service
trying to bind to port 37751
ReID convert called: from=application/json, to=application/reid
🔧 Testing basic imports...
✅ numpy imported successfully: 2.2.6
✅ onnxruntime imported successfully: 1.22.1
🔧 Testing model download...
✅ Model already exists at /server/volume/plugins/@scrypted/reid-service/files/osnet_ain_multisource.onnx
✅ Model available at: /server/volume/plugins/@scrypted/reid-service/files/osnet_ain_multisource.onnx
🔧 Testing ONNX model loading...
✅ Model loaded - Input: input ['batch_size', 3, 256, 128], Output: output ['batch_size', 512]
✅ All components working - ready for ReID integration!
ReID: Living Room Camera 1 - 1 detections, hasPersons: True
  - person: unknown (score: 0.94)
ReID convert called: from=application/json, to=application/reid
ReID: Living Room Camera 2 - 2 detections, hasPersons: True
  - person: unknown (score: 0.93)
  - face: Richard (score: 0.85)
ReID convert called: from=application/json, to=application/reid
ReID: Living Room Camera 2 - 2 detections, hasPersons: True
  - person: unknown (score: 0.93)
  - face: Richard (score: 0.83)
ReID convert called: from=application/json, to=application/reid
ReID: Living Room Camera 2 - 2 detections, hasPersons: True
  - person: unknown (score: 0.93)
  - face: Richard (score: 0.88)
ReID convert called: from=application/json, to=application/reid
ReID: Living Room Camera 2 - 2 detections, hasPersons: True
  - person: unknown (score: 0.94)
  - face: Richard (score: 0.88)
ReID convert called: from=application/json, to=application/reid
ReID: Living Room Camera 2 - 2 detections, hasPersons: True
  - person: unknown (score: 0.94)
  - face: Richard (score: 0.84)
ReID convert called: from=application/json, to=application/reid
ReID: Kitchen Camera 2 - 1 detections, hasPersons: True
  - person: unknown (score: 0.88)
ReID convert called: from=application/json, to=application/reid
ReID: Living Room Camera 1 - 1 detections, hasPersons: True
  - face: Richard (score: 0.85)
ReID convert called: from=application/json, to=application/reid
ReID: Garage Street Camera - 1 detections, hasPersons: True
  - person: unknown (score: 0.93)
ReID convert called: from=application/json, to=application/reid
ReID: Kitchen Camera 2 - 1 detections, hasPersons: True
  - person: unknown (score: 0.94)
ReID convert called: from=application/json, to=application/reid
ReID: Kitchen Camera 2 - 1 detections, hasPersons: True
  - person: unknown (score: 0.90)
ReID convert called: from=application/json, to=application/reid
ReID: Kitchen Camera 2 - 2 detections, hasPersons: True
  - person: unknown (score: 0.87)
  - face: unknown (score: 0.74)
ReID convert called: from=application/json, to=application/reid
ReID: Kitchen Camera 2 - 1 detections, hasPersons: True
  - person: unknown (score: 0.84)
ReID convert called: from=application/json, to=application/reid
ReID: Kitchen Camera 2 - 2 detections, hasPersons: True
  - person: unknown (score: 0.93)
  - face: unknown (score: 0.78)
ReID convert called: from=application/json, to=application/reid
ReID: Kitchen Camera 2 - 2 detections, hasPersons: True
  - person: unknown (score: 0.93)
  - face: unknown (score: 0.87)
ReID convert called: from=application/json, to=application/reid
ReID: Kitchen Camera 2 - 2 detections, hasPersons: True
  - person: unknown (score: 0.93)
  - face: Richard (score: 0.86)
ReID convert called: from=application/json, to=application/reid
ReID: Living Room Camera 1 - 1 detections, hasPersons: True
  - person: unknown (score: 0.95)
